<?xml version="1.0" encoding="UTF-8"?>
<!-- Generated by org.testng.reporters.JUnitXMLReporter -->
<testsuite ignored="0" hostname="IN-3ZKJXD3" failures="0" tests="3" name="Default test" time="0.088" errors="0" timestamp="2023-10-29T21:53:02 IST">
  <testcase classname="DataProvider.StringConcatenationTest" name="testStringConcatenation" time="0.01"/>
  <testcase classname="DataProvider.StringConcatenationTest" name="testStringConcatenation" time="0.002"/>
  <testcase classname="DataProvider.StringConcatenationTest" name="testStringConcatenation" time="0.002"/>
</testsuite> <!-- Default test -->
