<?xml version="1.0" encoding="UTF-8"?>
<testng-results ignored="0" total="1" passed="1" failed="0" skipped="0">
  <reporter-output>
    <line>
      <![CDATA[Before Method executed successfully]]>
    </line>
    <line>
      <![CDATA[Before Method executed successfully]]>
    </line>
  </reporter-output>
  <suite started-at="2023-10-17T16:30:24 IST" name="Default suite" finished-at="2023-10-17T16:30:32 IST" duration-ms="7922">
    <groups>
    </groups>
    <test started-at="2023-10-17T16:30:24 IST" name="Default test" finished-at="2023-10-17T16:30:32 IST" duration-ms="7922">
      <class name="testNG.LoginTest">
        <test-method is-config="true" signature="beforeMethod()[pri:0, instance:testNG.LoginTest@53fe15ff]" started-at="2023-10-17T16:30:24 IST" name="beforeMethod" finished-at="2023-10-17T16:30:24 IST" duration-ms="21" status="PASS">
          <reporter-output>
            <line>
              <![CDATA[Before Method executed successfully]]>
            </line>
          </reporter-output>
        </test-method> <!-- beforeMethod -->
        <test-method signature="logintoAmazon()[pri:0, instance:testNG.LoginTest@53fe15ff]" started-at="2023-10-17T16:30:24 IST" name="logintoAmazon" finished-at="2023-10-17T16:30:32 IST" duration-ms="7814" status="PASS">
          <reporter-output>
          </reporter-output>
        </test-method> <!-- logintoAmazon -->
        <test-method is-config="true" signature="afterMethod()[pri:0, instance:testNG.LoginTest@53fe15ff]" started-at="2023-10-17T16:30:32 IST" name="afterMethod" finished-at="2023-10-17T16:30:32 IST" duration-ms="4" status="PASS">
          <reporter-output>
            <line>
              <![CDATA[Before Method executed successfully]]>
            </line>
          </reporter-output>
        </test-method> <!-- afterMethod -->
      </class> <!-- testNG.LoginTest -->
    </test> <!-- Default test -->
  </suite> <!-- Default suite -->
</testng-results>
