<?xml version="1.0" encoding="UTF-8"?>
<testng-results ignored="0" total="3" passed="3" failed="0" skipped="0">
  <reporter-output>
  </reporter-output>
  <suite started-at="2023-10-29T21:53:02 IST" name="Default suite" finished-at="2023-10-29T21:53:02 IST" duration-ms="88">
    <groups>
    </groups>
    <test started-at="2023-10-29T21:53:02 IST" name="Default test" finished-at="2023-10-29T21:53:02 IST" duration-ms="88">
      <class name="DataProvider.StringConcatenationTest">
        <test-method signature="testStringConcatenation(java.lang.String,java.lang.String,java.lang.String)[pri:0, instance:DataProvider.StringConcatenationTest@6e9175d8]" started-at="2023-10-29T21:53:02 IST" name="testStringConcatenation" data-provider="testData" finished-at="2023-10-29T21:53:02 IST" duration-ms="10" status="PASS">
          <params>
            <param index="0">
              <value>
                <![CDATA[Hello]]>
              </value>
            </param>
            <param index="1">
              <value>
                <![CDATA[ World!]]>
              </value>
            </param>
            <param index="2">
              <value>
                <![CDATA[Hello World!]]>
              </value>
            </param>
          </params>
          <reporter-output>
          </reporter-output>
        </test-method> <!-- testStringConcatenation -->
        <test-method signature="testStringConcatenation(java.lang.String,java.lang.String,java.lang.String)[pri:0, instance:DataProvider.StringConcatenationTest@6e9175d8]" started-at="2023-10-29T21:53:02 IST" name="testStringConcatenation" data-provider="testData" finished-at="2023-10-29T21:53:02 IST" duration-ms="2" status="PASS">
          <params>
            <param index="0">
              <value>
                <![CDATA[Test]]>
              </value>
            </param>
            <param index="1">
              <value>
                <![CDATA[ DataProvider]]>
              </value>
            </param>
            <param index="2">
              <value>
                <![CDATA[Test DataProvider]]>
              </value>
            </param>
          </params>
          <reporter-output>
          </reporter-output>
        </test-method> <!-- testStringConcatenation -->
        <test-method signature="testStringConcatenation(java.lang.String,java.lang.String,java.lang.String)[pri:0, instance:DataProvider.StringConcatenationTest@6e9175d8]" started-at="2023-10-29T21:53:02 IST" name="testStringConcatenation" data-provider="testData" finished-at="2023-10-29T21:53:02 IST" duration-ms="2" status="PASS">
          <params>
            <param index="0">
              <value>
                <![CDATA[This]]>
              </value>
            </param>
            <param index="1">
              <value>
                <![CDATA[ is a string test.]]>
              </value>
            </param>
            <param index="2">
              <value>
                <![CDATA[This is a string test.]]>
              </value>
            </param>
          </params>
          <reporter-output>
          </reporter-output>
        </test-method> <!-- testStringConcatenation -->
      </class> <!-- DataProvider.StringConcatenationTest -->
    </test> <!-- Default test -->
  </suite> <!-- Default suite -->
</testng-results>
